<?xml version="1.0" encoding="UTF-8"?>
<!-- Generated by org.testng.reporters.JUnitXMLReporter -->
<testsuite hostname="Vimal-Verma" ignored="0" name="Default test" tests="3" failures="0" timestamp="20 Mar 2018 08:54:22 GMT" time="15.442" errors="0">
  <testcase name="LoginWithInvalidUser" time="2.663" classname="framework.DataDrivenFramework"/>
  <testcase name="ReadandWriteExcel" time="0.891" classname="framework.DataDrivenFramework"/>
  <testcase name="LoginWithValidUser" time="2.546" classname="framework.DataDrivenFramework"/>
</testsuite> <!-- Default test -->
