<?xml version="1.0" encoding="UTF-8"?>
<testng-results skipped="0" failed="0" ignored="0" total="3" passed="3">
  <reporter-output>
  </reporter-output>
  <suite name="Default suite" duration-ms="15442" started-at="2018-03-20T08:54:07Z" finished-at="2018-03-20T08:54:22Z">
    <groups>
    </groups>
    <test name="Default test" duration-ms="15442" started-at="2018-03-20T08:54:07Z" finished-at="2018-03-20T08:54:22Z">
      <class name="framework.DataDrivenFramework">
        <test-method status="PASS" signature="BrowserConnect()[pri:0, instance:framework.DataDrivenFramework@26be92ad]" name="BrowserConnect" is-config="true" duration-ms="6315" started-at="2018-03-20T14:24:07Z" finished-at="2018-03-20T14:24:13Z">
          <reporter-output>
          </reporter-output>
        </test-method> <!-- BrowserConnect -->
        <test-method status="PASS" signature="LoginWithInvalidUser()[pri:0, instance:framework.DataDrivenFramework@26be92ad]" name="LoginWithInvalidUser" duration-ms="2663" started-at="2018-03-20T14:24:13Z" description="&lt;&lt;This Test Case verify invalid credential functionality&gt;&gt;" finished-at="2018-03-20T14:24:16Z">
          <reporter-output>
          </reporter-output>
        </test-method> <!-- LoginWithInvalidUser -->
        <test-method status="PASS" signature="ReadandWriteExcel()[pri:0, instance:framework.DataDrivenFramework@26be92ad]" name="ReadandWriteExcel" duration-ms="891" started-at="2018-03-20T14:24:16Z" finished-at="2018-03-20T14:24:16Z">
          <reporter-output>
          </reporter-output>
        </test-method> <!-- ReadandWriteExcel -->
        <test-method status="PASS" signature="LoginWithValidUser()[pri:0, instance:framework.DataDrivenFramework@26be92ad]" name="LoginWithValidUser" duration-ms="2546" started-at="2018-03-20T14:24:16Z" description="&lt;&lt;This Test Case verify valid credential functionality.&gt;&gt;" depends-on-methods="framework.DataDrivenFramework.LoginWithInvalidUser" finished-at="2018-03-20T14:24:19Z">
          <reporter-output>
          </reporter-output>
        </test-method> <!-- LoginWithValidUser -->
        <test-method status="PASS" signature="Exit()[pri:0, instance:framework.DataDrivenFramework@26be92ad]" name="Exit" is-config="true" duration-ms="3016" started-at="2018-03-20T14:24:19Z" finished-at="2018-03-20T14:24:22Z">
          <reporter-output>
          </reporter-output>
        </test-method> <!-- Exit -->
      </class> <!-- framework.DataDrivenFramework -->
    </test> <!-- Default test -->
  </suite> <!-- Default suite -->
</testng-results>
